<?xml version="1.0" encoding="UTF-8"?>
<testng-results ignored="0" total="1" passed="1" failed="0" skipped="0">
  <reporter-output>
  </reporter-output>
  <suite started-at="2024-10-20T23:22:08 IST" name="Default suite" finished-at="2024-10-20T23:22:31 IST" duration-ms="22985">
    <groups>
    </groups>
    <test started-at="2024-10-20T23:22:08 IST" name="Default test" finished-at="2024-10-20T23:22:31 IST" duration-ms="22985">
      <class name="testcases.invalid_booking">
        <test-method is-config="true" signature="startReport()[pri:0, instance:testcases.invalid_booking@3b69e7d1]" started-at="2024-10-20T23:22:08 IST" name="startReport" finished-at="2024-10-20T23:22:08 IST" duration-ms="475" status="PASS">
          <reporter-output>
          </reporter-output>
        </test-method> <!-- startReport -->
        <test-method is-config="true" signature="testDetails()[pri:0, instance:testcases.invalid_booking@3b69e7d1]" started-at="2024-10-20T23:22:08 IST" name="testDetails" finished-at="2024-10-20T23:22:08 IST" duration-ms="1" status="PASS">
          <reporter-output>
          </reporter-output>
        </test-method> <!-- testDetails -->
        <test-method is-config="true" signature="detail()[pri:0, instance:testcases.invalid_booking@3b69e7d1]" started-at="2024-10-20T23:22:08 IST" name="detail" finished-at="2024-10-20T23:22:08 IST" duration-ms="19" status="PASS">
          <reporter-output>
          </reporter-output>
        </test-method> <!-- detail -->
        <test-method is-config="true" signature="setUp()[pri:0, instance:testcases.invalid_booking@3b69e7d1]" started-at="2024-10-20T23:22:08 IST" name="setUp" finished-at="2024-10-20T23:22:16 IST" duration-ms="8383" status="PASS">
          <reporter-output>
          </reporter-output>
        </test-method> <!-- setUp -->
        <test-method signature="Invalid_booking()[pri:0, instance:testcases.invalid_booking@3b69e7d1]" started-at="2024-10-20T23:22:16 IST" name="Invalid_booking" finished-at="2024-10-20T23:22:30 IST" duration-ms="13940" status="PASS">
          <reporter-output>
          </reporter-output>
        </test-method> <!-- Invalid_booking -->
        <test-method is-config="true" signature="teardown()[pri:0, instance:testcases.invalid_booking@3b69e7d1]" started-at="2024-10-20T23:22:30 IST" name="teardown" finished-at="2024-10-20T23:22:31 IST" duration-ms="541" status="PASS">
          <reporter-output>
          </reporter-output>
        </test-method> <!-- teardown -->
        <test-method is-config="true" signature="endReport()[pri:0, instance:testcases.invalid_booking@3b69e7d1]" started-at="2024-10-20T23:22:31 IST" name="endReport" finished-at="2024-10-20T23:22:31 IST" duration-ms="338" status="PASS">
          <reporter-output>
          </reporter-output>
        </test-method> <!-- endReport -->
      </class> <!-- testcases.invalid_booking -->
    </test> <!-- Default test -->
  </suite> <!-- Default suite -->
</testng-results>
